2025-04-15 21:01:31,560 - INFO - Starting agency research application
2025-04-15 21:01:31,560 - INFO - Log file cleared for new run
2025-04-15 21:01:31,561 - INFO - Starting agency research application
2025-04-15 21:01:31,561 - INFO - Successfully loaded environment variables
2025-04-15 21:01:31,561 - INFO - Successfully loaded 44 agencies from agencies.json
2025-04-15 21:01:31,562 - INFO - Successfully loaded system prompt from system_prompt.txt
2025-04-15 21:01:31,608 - INFO - Successfully initialized Gemini client
2025-04-15 21:01:31,608 - INFO - 
Processing batch 1 of 9
2025-04-15 21:01:31,608 - INFO - Agencies in this batch: Fit Property Lettings Agent, Thornsett Properties, JC Sales and Lettings, MBA Lettings, M3 Lettings
2025-04-15 21:01:31,609 - INFO - Starting processing for agency: Fit Property Lettings Agent
2025-04-15 21:01:31,609 - INFO - AFC is enabled with max remote calls: 10.
2025-04-15 21:01:31,609 - INFO - Starting processing for agency: Thornsett Properties
2025-04-15 21:01:31,610 - INFO - AFC is enabled with max remote calls: 10.
2025-04-15 21:01:31,610 - INFO - Starting processing for agency: JC Sales and Lettings
2025-04-15 21:01:31,610 - INFO - Starting processing for agency: MBA Lettings
2025-04-15 21:01:31,610 - INFO - Starting processing for agency: M3 Lettings
2025-04-15 21:01:31,610 - INFO - AFC is enabled with max remote calls: 10.
2025-04-15 21:01:31,610 - INFO - AFC is enabled with max remote calls: 10.
2025-04-15 21:01:31,611 - INFO - AFC is enabled with max remote calls: 10.
2025-04-15 21:01:43,860 - INFO - HTTP Request: POST https://generativelanguage.googleapis.com/v1beta/models/gemini-2.5-pro-preview-03-25:generateContent "HTTP/1.1 200 OK"
2025-04-15 21:01:43,861 - INFO - AFC remote call 1 is done.
2025-04-15 21:01:43,862 - INFO - AFC is enabled with max remote calls: 10.
2025-04-15 21:01:44,443 - INFO - HTTP Request: POST https://generativelanguage.googleapis.com/v1beta/models/gemini-2.5-pro-preview-03-25:generateContent "HTTP/1.1 200 OK"
2025-04-15 21:01:44,447 - INFO - AFC remote call 1 is done.
2025-04-15 21:01:44,448 - INFO - AFC is enabled with max remote calls: 10.
2025-04-15 21:01:44,693 - INFO - HTTP Request: POST https://generativelanguage.googleapis.com/v1beta/models/gemini-2.5-pro-preview-03-25:generateContent "HTTP/1.1 200 OK"
2025-04-15 21:01:44,698 - INFO - AFC remote call 1 is done.
2025-04-15 21:01:44,699 - INFO - AFC is enabled with max remote calls: 10.
2025-04-15 21:01:46,919 - INFO - HTTP Request: POST https://generativelanguage.googleapis.com/v1beta/models/gemini-2.5-pro-preview-03-25:generateContent "HTTP/1.1 200 OK"
2025-04-15 21:01:46,922 - INFO - AFC remote call 1 is done.
2025-04-15 21:01:46,923 - INFO - AFC is enabled with max remote calls: 10.
2025-04-15 21:01:51,024 - INFO - HTTP Request: POST https://generativelanguage.googleapis.com/v1beta/models/gemini-2.5-pro-preview-03-25:generateContent "HTTP/1.1 200 OK"
2025-04-15 21:01:51,027 - INFO - AFC remote call 1 is done.
2025-04-15 21:01:51,027 - INFO - Successfully processed M3 Lettings
2025-04-15 21:01:51,083 - INFO - HTTP Request: POST https://generativelanguage.googleapis.com/v1beta/models/gemini-2.5-pro-preview-03-25:generateContent "HTTP/1.1 200 OK"
2025-04-15 21:01:51,085 - INFO - AFC remote call 1 is done.
2025-04-15 21:01:51,086 - ERROR - Error processing agency Fit Property Lettings Agent on attempt 1: 'NoneType' object has no attribute 'strip'
Traceback (most recent call last):
  File "/Users/andreavasco/Desktop/Agency review/main.py", line 258, in process_agency
    response_text = response.text.strip()
                    ^^^^^^^^^^^^^^^^^^^
AttributeError: 'NoneType' object has no attribute 'strip'
2025-04-15 21:01:51,088 - WARNING - Retry attempt 2 for Fit Property Lettings Agent
2025-04-15 21:01:51,369 - INFO - HTTP Request: POST https://generativelanguage.googleapis.com/v1beta/models/gemini-2.5-pro-preview-03-25:generateContent "HTTP/1.1 200 OK"
2025-04-15 21:01:51,370 - INFO - AFC remote call 1 is done.
2025-04-15 21:01:51,370 - INFO - Successfully processed Thornsett Properties
2025-04-15 21:01:53,899 - INFO - HTTP Request: POST https://generativelanguage.googleapis.com/v1beta/models/gemini-2.5-pro-preview-03-25:generateContent "HTTP/1.1 200 OK"
2025-04-15 21:01:53,900 - INFO - AFC remote call 1 is done.
2025-04-15 21:01:53,900 - INFO - Successfully processed MBA Lettings
2025-04-15 21:01:56,092 - INFO - AFC is enabled with max remote calls: 10.
2025-04-15 21:02:00,239 - INFO - HTTP Request: POST https://generativelanguage.googleapis.com/v1beta/models/gemini-2.5-pro-preview-03-25:generateContent "HTTP/1.1 200 OK"
2025-04-15 21:02:00,243 - INFO - AFC remote call 1 is done.
2025-04-15 21:02:00,244 - INFO - Successfully processed JC Sales and Lettings
2025-04-15 21:02:19,732 - INFO - HTTP Request: POST https://generativelanguage.googleapis.com/v1beta/models/gemini-2.5-pro-preview-03-25:generateContent "HTTP/1.1 200 OK"
2025-04-15 21:02:19,737 - INFO - AFC remote call 1 is done.
2025-04-15 21:02:19,738 - INFO - AFC is enabled with max remote calls: 10.
2025-04-15 21:02:28,740 - INFO - HTTP Request: POST https://generativelanguage.googleapis.com/v1beta/models/gemini-2.5-pro-preview-03-25:generateContent "HTTP/1.1 200 OK"
2025-04-15 21:02:28,741 - INFO - AFC remote call 1 is done.
2025-04-15 21:02:28,741 - INFO - Successfully processed Fit Property Lettings Agent
2025-04-15 21:02:28,744 - INFO - Saved 5 results to output.json
2025-04-15 21:02:28,744 - INFO - Saved results after batch 1
2025-04-15 21:02:28,744 - INFO - Waiting 10 seconds before next batch...
2025-04-15 21:02:38,749 - INFO - 
Processing batch 2 of 9
2025-04-15 21:02:38,750 - INFO - Agencies in this batch: Dove Properties, West One Lettings, Hallam Hills, Igloo Accommodation, Oak Estates
2025-04-15 21:02:38,751 - INFO - Starting processing for agency: Dove Properties
2025-04-15 21:02:38,752 - INFO - AFC is enabled with max remote calls: 10.
2025-04-15 21:02:38,754 - INFO - Starting processing for agency: West One Lettings
2025-04-15 21:02:38,754 - INFO - Starting processing for agency: Hallam Hills
2025-04-15 21:02:38,755 - INFO - AFC is enabled with max remote calls: 10.
2025-04-15 21:02:38,755 - INFO - AFC is enabled with max remote calls: 10.
2025-04-15 21:02:38,755 - INFO - Starting processing for agency: Igloo Accommodation
2025-04-15 21:02:38,755 - INFO - Starting processing for agency: Oak Estates
2025-04-15 21:02:38,758 - INFO - AFC is enabled with max remote calls: 10.
2025-04-15 21:02:38,758 - INFO - AFC is enabled with max remote calls: 10.
2025-04-15 21:02:48,690 - INFO - HTTP Request: POST https://generativelanguage.googleapis.com/v1beta/models/gemini-2.5-pro-preview-03-25:generateContent "HTTP/1.1 200 OK"
2025-04-15 21:02:48,694 - INFO - AFC remote call 1 is done.
2025-04-15 21:02:48,697 - INFO - AFC is enabled with max remote calls: 10.
2025-04-15 21:02:50,398 - INFO - HTTP Request: POST https://generativelanguage.googleapis.com/v1beta/models/gemini-2.5-pro-preview-03-25:generateContent "HTTP/1.1 200 OK"
2025-04-15 21:02:50,399 - INFO - AFC remote call 1 is done.
2025-04-15 21:02:50,400 - INFO - AFC is enabled with max remote calls: 10.
2025-04-15 21:02:50,493 - INFO - HTTP Request: POST https://generativelanguage.googleapis.com/v1beta/models/gemini-2.5-pro-preview-03-25:generateContent "HTTP/1.1 200 OK"
2025-04-15 21:02:50,494 - INFO - AFC remote call 1 is done.
2025-04-15 21:02:50,496 - INFO - AFC is enabled with max remote calls: 10.
2025-04-15 21:02:55,252 - INFO - HTTP Request: POST https://generativelanguage.googleapis.com/v1beta/models/gemini-2.5-pro-preview-03-25:generateContent "HTTP/1.1 200 OK"
2025-04-15 21:02:55,253 - INFO - AFC remote call 1 is done.
2025-04-15 21:02:55,253 - INFO - Successfully processed Hallam Hills
2025-04-15 21:02:58,060 - INFO - HTTP Request: POST https://generativelanguage.googleapis.com/v1beta/models/gemini-2.5-pro-preview-03-25:generateContent "HTTP/1.1 200 OK"
2025-04-15 21:02:58,062 - INFO - AFC remote call 1 is done.
2025-04-15 21:02:58,062 - INFO - Successfully processed Dove Properties
2025-04-15 21:02:58,208 - INFO - HTTP Request: POST https://generativelanguage.googleapis.com/v1beta/models/gemini-2.5-pro-preview-03-25:generateContent "HTTP/1.1 200 OK"
2025-04-15 21:02:58,211 - INFO - AFC remote call 1 is done.
2025-04-15 21:02:58,211 - INFO - Successfully processed Igloo Accommodation
2025-04-15 21:03:00,963 - INFO - HTTP Request: POST https://generativelanguage.googleapis.com/v1beta/models/gemini-2.5-pro-preview-03-25:generateContent "HTTP/1.1 200 OK"
2025-04-15 21:03:00,968 - INFO - AFC remote call 1 is done.
2025-04-15 21:03:00,969 - INFO - AFC is enabled with max remote calls: 10.
2025-04-15 21:03:04,326 - INFO - HTTP Request: POST https://generativelanguage.googleapis.com/v1beta/models/gemini-2.5-pro-preview-03-25:generateContent "HTTP/1.1 200 OK"
2025-04-15 21:03:04,329 - INFO - AFC remote call 1 is done.
2025-04-15 21:03:04,332 - INFO - AFC is enabled with max remote calls: 10.
2025-04-15 21:03:06,484 - INFO - HTTP Request: POST https://generativelanguage.googleapis.com/v1beta/models/gemini-2.5-pro-preview-03-25:generateContent "HTTP/1.1 200 OK"
2025-04-15 21:03:06,489 - INFO - AFC remote call 1 is done.
2025-04-15 21:03:06,489 - INFO - Successfully processed Oak Estates
2025-04-15 21:03:16,146 - INFO - HTTP Request: POST https://generativelanguage.googleapis.com/v1beta/models/gemini-2.5-pro-preview-03-25:generateContent "HTTP/1.1 200 OK"
2025-04-15 21:03:16,149 - INFO - AFC remote call 1 is done.
2025-04-15 21:03:16,150 - INFO - Successfully processed West One Lettings
2025-04-15 21:03:16,153 - INFO - Saved 10 results to output.json
2025-04-15 21:03:16,153 - INFO - Saved results after batch 2
2025-04-15 21:03:16,153 - INFO - Waiting 10 seconds before next batch...
2025-04-15 21:03:26,158 - INFO - 
Processing batch 3 of 9
2025-04-15 21:03:26,160 - INFO - Agencies in this batch: Home Made, StudentTenant.com, Brink Riley Properties, Shefflets Ltd, Capland Properties
2025-04-15 21:03:26,161 - INFO - Starting processing for agency: Home Made
2025-04-15 21:03:26,162 - INFO - Starting processing for agency: StudentTenant.com
2025-04-15 21:03:26,162 - INFO - Starting processing for agency: Brink Riley Properties
2025-04-15 21:03:26,162 - INFO - Starting processing for agency: Shefflets Ltd
2025-04-15 21:03:26,162 - INFO - Starting processing for agency: Capland Properties
2025-04-15 21:03:26,165 - INFO - AFC is enabled with max remote calls: 10.
2025-04-15 21:03:26,168 - INFO - AFC is enabled with max remote calls: 10.
2025-04-15 21:03:26,169 - INFO - AFC is enabled with max remote calls: 10.
2025-04-15 21:03:26,169 - INFO - AFC is enabled with max remote calls: 10.
2025-04-15 21:03:26,169 - INFO - AFC is enabled with max remote calls: 10.
2025-04-15 21:03:37,094 - INFO - HTTP Request: POST https://generativelanguage.googleapis.com/v1beta/models/gemini-2.5-pro-preview-03-25:generateContent "HTTP/1.1 200 OK"
2025-04-15 21:03:37,095 - INFO - AFC remote call 1 is done.
2025-04-15 21:03:37,095 - ERROR - Error processing agency Shefflets Ltd on attempt 1: 'NoneType' object has no attribute 'strip'
Traceback (most recent call last):
  File "/Users/andreavasco/Desktop/Agency review/main.py", line 258, in process_agency
    response_text = response.text.strip()
                    ^^^^^^^^^^^^^^^^^^^
AttributeError: 'NoneType' object has no attribute 'strip'
2025-04-15 21:03:37,096 - WARNING - Retry attempt 2 for Shefflets Ltd
2025-04-15 21:03:37,804 - INFO - HTTP Request: POST https://generativelanguage.googleapis.com/v1beta/models/gemini-2.5-pro-preview-03-25:generateContent "HTTP/1.1 200 OK"
2025-04-15 21:03:37,807 - INFO - AFC remote call 1 is done.
2025-04-15 21:03:37,808 - ERROR - Error processing agency Home Made on attempt 1: 'NoneType' object has no attribute 'strip'
Traceback (most recent call last):
  File "/Users/andreavasco/Desktop/Agency review/main.py", line 258, in process_agency
    response_text = response.text.strip()
                    ^^^^^^^^^^^^^^^^^^^
AttributeError: 'NoneType' object has no attribute 'strip'
2025-04-15 21:03:37,808 - WARNING - Retry attempt 2 for Home Made
2025-04-15 21:03:38,421 - INFO - HTTP Request: POST https://generativelanguage.googleapis.com/v1beta/models/gemini-2.5-pro-preview-03-25:generateContent "HTTP/1.1 200 OK"
2025-04-15 21:03:38,423 - INFO - AFC remote call 1 is done.
2025-04-15 21:03:38,426 - INFO - AFC is enabled with max remote calls: 10.
2025-04-15 21:03:41,231 - INFO - HTTP Request: POST https://generativelanguage.googleapis.com/v1beta/models/gemini-2.5-pro-preview-03-25:generateContent "HTTP/1.1 200 OK"
2025-04-15 21:03:41,234 - INFO - AFC remote call 1 is done.
2025-04-15 21:03:41,236 - INFO - AFC is enabled with max remote calls: 10.
2025-04-15 21:03:42,101 - INFO - AFC is enabled with max remote calls: 10.
2025-04-15 21:03:42,812 - INFO - AFC is enabled with max remote calls: 10.
2025-04-15 21:03:45,527 - INFO - HTTP Request: POST https://generativelanguage.googleapis.com/v1beta/models/gemini-2.5-pro-preview-03-25:generateContent "HTTP/1.1 200 OK"
2025-04-15 21:03:45,528 - INFO - AFC remote call 1 is done.
2025-04-15 21:03:45,528 - INFO - Successfully processed Brink Riley Properties
2025-04-15 21:03:45,729 - INFO - HTTP Request: POST https://generativelanguage.googleapis.com/v1beta/models/gemini-2.5-pro-preview-03-25:generateContent "HTTP/1.1 200 OK"
2025-04-15 21:03:45,731 - INFO - AFC remote call 1 is done.
2025-04-15 21:03:45,732 - INFO - AFC is enabled with max remote calls: 10.
2025-04-15 21:03:50,107 - INFO - HTTP Request: POST https://generativelanguage.googleapis.com/v1beta/models/gemini-2.5-pro-preview-03-25:generateContent "HTTP/1.1 200 OK"
2025-04-15 21:03:50,108 - INFO - AFC remote call 1 is done.
2025-04-15 21:03:50,108 - INFO - Successfully processed Capland Properties
2025-04-15 21:03:53,315 - INFO - HTTP Request: POST https://generativelanguage.googleapis.com/v1beta/models/gemini-2.5-pro-preview-03-25:generateContent "HTTP/1.1 200 OK"
2025-04-15 21:03:53,316 - INFO - AFC remote call 1 is done.
2025-04-15 21:03:53,316 - ERROR - Error processing agency Shefflets Ltd on attempt 2: 'NoneType' object has no attribute 'strip'
Traceback (most recent call last):
  File "/Users/andreavasco/Desktop/Agency review/main.py", line 258, in process_agency
    response_text = response.text.strip()
                    ^^^^^^^^^^^^^^^^^^^
AttributeError: 'NoneType' object has no attribute 'strip'
2025-04-15 21:03:53,316 - WARNING - Retry attempt 3 for Shefflets Ltd
2025-04-15 21:03:55,362 - INFO - HTTP Request: POST https://generativelanguage.googleapis.com/v1beta/models/gemini-2.5-pro-preview-03-25:generateContent "HTTP/1.1 200 OK"
2025-04-15 21:03:55,364 - INFO - AFC remote call 1 is done.
2025-04-15 21:03:55,364 - ERROR - Error processing agency Home Made on attempt 2: 'NoneType' object has no attribute 'strip'
Traceback (most recent call last):
  File "/Users/andreavasco/Desktop/Agency review/main.py", line 258, in process_agency
    response_text = response.text.strip()
                    ^^^^^^^^^^^^^^^^^^^
AttributeError: 'NoneType' object has no attribute 'strip'
2025-04-15 21:03:55,365 - WARNING - Retry attempt 3 for Home Made
2025-04-15 21:04:00,620 - INFO - HTTP Request: POST https://generativelanguage.googleapis.com/v1beta/models/gemini-2.5-pro-preview-03-25:generateContent "HTTP/1.1 200 OK"
2025-04-15 21:04:00,622 - INFO - AFC remote call 1 is done.
2025-04-15 21:04:00,622 - INFO - Successfully processed StudentTenant.com
2025-04-15 21:04:03,322 - INFO - AFC is enabled with max remote calls: 10.
2025-04-15 21:04:05,370 - INFO - AFC is enabled with max remote calls: 10.
2025-04-15 21:04:16,024 - INFO - HTTP Request: POST https://generativelanguage.googleapis.com/v1beta/models/gemini-2.5-pro-preview-03-25:generateContent "HTTP/1.1 200 OK"
2025-04-15 21:04:16,028 - INFO - AFC remote call 1 is done.
2025-04-15 21:04:16,030 - INFO - AFC is enabled with max remote calls: 10.
2025-04-15 21:04:19,029 - INFO - HTTP Request: POST https://generativelanguage.googleapis.com/v1beta/models/gemini-2.5-pro-preview-03-25:generateContent "HTTP/1.1 200 OK"
2025-04-15 21:04:19,033 - INFO - AFC remote call 1 is done.
2025-04-15 21:04:19,035 - INFO - AFC is enabled with max remote calls: 10.
2025-04-15 21:04:24,349 - INFO - HTTP Request: POST https://generativelanguage.googleapis.com/v1beta/models/gemini-2.5-pro-preview-03-25:generateContent "HTTP/1.1 200 OK"
2025-04-15 21:04:24,352 - INFO - AFC remote call 1 is done.
2025-04-15 21:04:24,352 - INFO - Successfully processed Shefflets Ltd
2025-04-15 21:04:25,989 - INFO - HTTP Request: POST https://generativelanguage.googleapis.com/v1beta/models/gemini-2.5-pro-preview-03-25:generateContent "HTTP/1.1 200 OK"
2025-04-15 21:04:25,992 - INFO - AFC remote call 1 is done.
2025-04-15 21:04:25,992 - INFO - Successfully processed Home Made
2025-04-15 21:04:25,995 - INFO - Saved 15 results to output.json
2025-04-15 21:04:25,996 - INFO - Saved results after batch 3
2025-04-15 21:04:25,996 - INFO - Waiting 10 seconds before next batch...
2025-04-15 21:04:36,001 - INFO - 
Processing batch 4 of 9
2025-04-15 21:04:36,001 - INFO - Agencies in this batch: Smart Moves Group, Urban Evolution, MAF Properties, Student Digs, Tapton Estates
2025-04-15 21:04:36,001 - INFO - Starting processing for agency: Smart Moves Group
2025-04-15 21:04:36,001 - INFO - Starting processing for agency: Urban Evolution
2025-04-15 21:04:36,002 - INFO - AFC is enabled with max remote calls: 10.
2025-04-15 21:04:36,002 - INFO - AFC is enabled with max remote calls: 10.
2025-04-15 21:04:36,002 - INFO - Starting processing for agency: MAF Properties
2025-04-15 21:04:36,004 - INFO - Starting processing for agency: Student Digs
2025-04-15 21:04:36,005 - INFO - Starting processing for agency: Tapton Estates
2025-04-15 21:04:36,005 - INFO - AFC is enabled with max remote calls: 10.
2025-04-15 21:04:36,006 - INFO - AFC is enabled with max remote calls: 10.
2025-04-15 21:04:36,006 - INFO - AFC is enabled with max remote calls: 10.
2025-04-15 21:04:49,203 - INFO - HTTP Request: POST https://generativelanguage.googleapis.com/v1beta/models/gemini-2.5-pro-preview-03-25:generateContent "HTTP/1.1 200 OK"
2025-04-15 21:04:49,207 - INFO - AFC remote call 1 is done.
2025-04-15 21:04:49,210 - INFO - AFC is enabled with max remote calls: 10.
2025-04-15 21:04:50,375 - INFO - HTTP Request: POST https://generativelanguage.googleapis.com/v1beta/models/gemini-2.5-pro-preview-03-25:generateContent "HTTP/1.1 200 OK"
2025-04-15 21:04:50,376 - INFO - AFC remote call 1 is done.
2025-04-15 21:04:50,377 - INFO - AFC is enabled with max remote calls: 10.
2025-04-15 21:04:50,662 - INFO - HTTP Request: POST https://generativelanguage.googleapis.com/v1beta/models/gemini-2.5-pro-preview-03-25:generateContent "HTTP/1.1 200 OK"
2025-04-15 21:04:50,663 - INFO - AFC remote call 1 is done.
2025-04-15 21:04:50,664 - INFO - AFC is enabled with max remote calls: 10.
2025-04-15 21:04:52,413 - INFO - HTTP Request: POST https://generativelanguage.googleapis.com/v1beta/models/gemini-2.5-pro-preview-03-25:generateContent "HTTP/1.1 200 OK"
2025-04-15 21:04:52,415 - INFO - AFC remote call 1 is done.
2025-04-15 21:04:52,416 - ERROR - Error processing agency Student Digs on attempt 1: 'NoneType' object has no attribute 'strip'
Traceback (most recent call last):
  File "/Users/andreavasco/Desktop/Agency review/main.py", line 258, in process_agency
    response_text = response.text.strip()
                    ^^^^^^^^^^^^^^^^^^^
AttributeError: 'NoneType' object has no attribute 'strip'
2025-04-15 21:04:52,416 - WARNING - Retry attempt 2 for Student Digs
2025-04-15 21:04:57,421 - INFO - AFC is enabled with max remote calls: 10.
2025-04-15 21:04:57,728 - INFO - HTTP Request: POST https://generativelanguage.googleapis.com/v1beta/models/gemini-2.5-pro-preview-03-25:generateContent "HTTP/1.1 200 OK"
2025-04-15 21:04:57,729 - INFO - AFC remote call 1 is done.
2025-04-15 21:04:57,729 - INFO - Successfully processed Tapton Estates
2025-04-15 21:04:57,977 - INFO - HTTP Request: POST https://generativelanguage.googleapis.com/v1beta/models/gemini-2.5-pro-preview-03-25:generateContent "HTTP/1.1 200 OK"
2025-04-15 21:04:57,981 - INFO - AFC remote call 1 is done.
2025-04-15 21:04:57,984 - INFO - AFC is enabled with max remote calls: 10.
2025-04-15 21:04:59,556 - INFO - HTTP Request: POST https://generativelanguage.googleapis.com/v1beta/models/gemini-2.5-pro-preview-03-25:generateContent "HTTP/1.1 200 OK"
2025-04-15 21:04:59,560 - INFO - AFC remote call 1 is done.
2025-04-15 21:04:59,560 - INFO - Successfully processed MAF Properties
2025-04-15 21:05:00,400 - INFO - HTTP Request: POST https://generativelanguage.googleapis.com/v1beta/models/gemini-2.5-pro-preview-03-25:generateContent "HTTP/1.1 200 OK"
2025-04-15 21:05:00,400 - INFO - AFC remote call 1 is done.
2025-04-15 21:05:00,400 - INFO - Successfully processed Smart Moves Group
2025-04-15 21:05:04,390 - INFO - HTTP Request: POST https://generativelanguage.googleapis.com/v1beta/models/gemini-2.5-pro-preview-03-25:generateContent "HTTP/1.1 200 OK"
2025-04-15 21:05:04,393 - INFO - AFC remote call 1 is done.
2025-04-15 21:05:04,394 - INFO - Successfully processed Urban Evolution
2025-04-15 21:05:12,116 - INFO - HTTP Request: POST https://generativelanguage.googleapis.com/v1beta/models/gemini-2.5-pro-preview-03-25:generateContent "HTTP/1.1 200 OK"
2025-04-15 21:05:12,119 - INFO - AFC remote call 1 is done.
2025-04-15 21:05:12,119 - ERROR - Error processing agency Student Digs on attempt 2: 'NoneType' object has no attribute 'strip'
Traceback (most recent call last):
  File "/Users/andreavasco/Desktop/Agency review/main.py", line 258, in process_agency
    response_text = response.text.strip()
                    ^^^^^^^^^^^^^^^^^^^
AttributeError: 'NoneType' object has no attribute 'strip'
2025-04-15 21:05:12,120 - WARNING - Retry attempt 3 for Student Digs
2025-04-15 21:05:22,125 - INFO - AFC is enabled with max remote calls: 10.
2025-04-15 21:05:34,998 - INFO - HTTP Request: POST https://generativelanguage.googleapis.com/v1beta/models/gemini-2.5-pro-preview-03-25:generateContent "HTTP/1.1 200 OK"
2025-04-15 21:05:34,998 - INFO - AFC remote call 1 is done.
2025-04-15 21:05:34,998 - ERROR - Error processing agency Student Digs on attempt 3: 'NoneType' object has no attribute 'strip'
Traceback (most recent call last):
  File "/Users/andreavasco/Desktop/Agency review/main.py", line 258, in process_agency
    response_text = response.text.strip()
                    ^^^^^^^^^^^^^^^^^^^
AttributeError: 'NoneType' object has no attribute 'strip'
2025-04-15 21:05:35,000 - INFO - Saved 20 results to output.json
2025-04-15 21:05:35,000 - INFO - Saved results after batch 4
2025-04-15 21:05:35,000 - INFO - Waiting 10 seconds before next batch...
2025-04-15 21:05:45,001 - INFO - 
Processing batch 5 of 9
2025-04-15 21:05:45,001 - INFO - Agencies in this batch: Broomhill Property Shop, Rent2you, Crucible Homes, Pa Properties, SheffieldRooms
2025-04-15 21:05:45,002 - INFO - Starting processing for agency: Broomhill Property Shop
2025-04-15 21:05:45,002 - INFO - AFC is enabled with max remote calls: 10.
2025-04-15 21:05:45,003 - INFO - Starting processing for agency: Rent2you
2025-04-15 21:05:45,003 - INFO - AFC is enabled with max remote calls: 10.
2025-04-15 21:05:45,003 - INFO - Starting processing for agency: Crucible Homes
2025-04-15 21:05:45,004 - INFO - Starting processing for agency: Pa Properties
2025-04-15 21:05:45,004 - INFO - AFC is enabled with max remote calls: 10.
2025-04-15 21:05:45,004 - INFO - AFC is enabled with max remote calls: 10.
2025-04-15 21:05:45,004 - INFO - Starting processing for agency: SheffieldRooms
2025-04-15 21:05:45,005 - INFO - AFC is enabled with max remote calls: 10.
2025-04-15 21:05:55,963 - INFO - HTTP Request: POST https://generativelanguage.googleapis.com/v1beta/models/gemini-2.5-pro-preview-03-25:generateContent "HTTP/1.1 200 OK"
2025-04-15 21:05:55,966 - INFO - AFC remote call 1 is done.
2025-04-15 21:05:55,967 - INFO - AFC is enabled with max remote calls: 10.
2025-04-15 21:05:58,420 - INFO - HTTP Request: POST https://generativelanguage.googleapis.com/v1beta/models/gemini-2.5-pro-preview-03-25:generateContent "HTTP/1.1 200 OK"
2025-04-15 21:05:58,422 - INFO - AFC remote call 1 is done.
2025-04-15 21:05:58,424 - INFO - AFC is enabled with max remote calls: 10.
2025-04-15 21:06:00,692 - INFO - HTTP Request: POST https://generativelanguage.googleapis.com/v1beta/models/gemini-2.5-pro-preview-03-25:generateContent "HTTP/1.1 200 OK"
2025-04-15 21:06:00,693 - INFO - AFC remote call 1 is done.
2025-04-15 21:06:00,694 - INFO - AFC is enabled with max remote calls: 10.
2025-04-15 21:06:00,742 - INFO - HTTP Request: POST https://generativelanguage.googleapis.com/v1beta/models/gemini-2.5-pro-preview-03-25:generateContent "HTTP/1.1 200 OK"
2025-04-15 21:06:00,743 - INFO - AFC remote call 1 is done.
2025-04-15 21:06:00,743 - ERROR - Error processing agency SheffieldRooms on attempt 1: 'NoneType' object has no attribute 'strip'
Traceback (most recent call last):
  File "/Users/andreavasco/Desktop/Agency review/main.py", line 258, in process_agency
    response_text = response.text.strip()
                    ^^^^^^^^^^^^^^^^^^^
AttributeError: 'NoneType' object has no attribute 'strip'
2025-04-15 21:06:00,743 - WARNING - Retry attempt 2 for SheffieldRooms
2025-04-15 21:06:04,852 - INFO - HTTP Request: POST https://generativelanguage.googleapis.com/v1beta/models/gemini-2.5-pro-preview-03-25:generateContent "HTTP/1.1 200 OK"
2025-04-15 21:06:04,853 - INFO - AFC remote call 1 is done.
2025-04-15 21:06:04,855 - INFO - AFC is enabled with max remote calls: 10.
2025-04-15 21:06:05,748 - INFO - AFC is enabled with max remote calls: 10.
2025-04-15 21:06:07,216 - INFO - HTTP Request: POST https://generativelanguage.googleapis.com/v1beta/models/gemini-2.5-pro-preview-03-25:generateContent "HTTP/1.1 200 OK"
2025-04-15 21:06:07,218 - INFO - AFC remote call 1 is done.
2025-04-15 21:06:07,218 - INFO - Successfully processed Broomhill Property Shop
2025-04-15 21:06:07,219 - ERROR - Error processing Broomhill Property Shop: [Errno 32] Broken pipe
2025-04-15 21:06:08,188 - INFO - HTTP Request: POST https://generativelanguage.googleapis.com/v1beta/models/gemini-2.5-pro-preview-03-25:generateContent "HTTP/1.1 200 OK"
2025-04-15 21:06:08,191 - INFO - AFC remote call 1 is done.
2025-04-15 21:06:08,192 - INFO - Successfully processed Rent2you
2025-04-15 21:06:09,543 - INFO - HTTP Request: POST https://generativelanguage.googleapis.com/v1beta/models/gemini-2.5-pro-preview-03-25:generateContent "HTTP/1.1 200 OK"
2025-04-15 21:06:09,545 - INFO - AFC remote call 1 is done.
2025-04-15 21:06:09,545 - INFO - Successfully processed Crucible Homes
2025-04-15 21:06:11,566 - INFO - HTTP Request: POST https://generativelanguage.googleapis.com/v1beta/models/gemini-2.5-pro-preview-03-25:generateContent "HTTP/1.1 200 OK"
2025-04-15 21:06:11,568 - INFO - AFC remote call 1 is done.
2025-04-15 21:06:11,568 - INFO - Successfully processed Pa Properties
2025-04-15 21:06:30,202 - INFO - HTTP Request: POST https://generativelanguage.googleapis.com/v1beta/models/gemini-2.5-pro-preview-03-25:generateContent "HTTP/1.1 200 OK"
2025-04-15 21:06:30,204 - INFO - AFC remote call 1 is done.
2025-04-15 21:06:30,205 - INFO - AFC is enabled with max remote calls: 10.
2025-04-15 21:06:38,835 - INFO - HTTP Request: POST https://generativelanguage.googleapis.com/v1beta/models/gemini-2.5-pro-preview-03-25:generateContent "HTTP/1.1 200 OK"
2025-04-15 21:06:38,838 - INFO - AFC remote call 1 is done.
2025-04-15 21:06:38,838 - INFO - Successfully processed SheffieldRooms
2025-04-15 21:06:38,839 - ERROR - Error in main: [Errno 32] Broken pipe
Traceback (most recent call last):
  File "/Users/andreavasco/Desktop/Agency review/main.py", line 358, in process_agency_batch
    print(f"Completed {agency['name']} ({completed}/{total_agencies}, {(completed/total_agencies)*100:.1f}%)", flush=True)
BrokenPipeError: [Errno 32] Broken pipe

During handling of the above exception, another exception occurred:

Traceback (most recent call last):
  File "/Users/andreavasco/Desktop/Agency review/main.py", line 400, in main
    batch_results = process_agency_batch(batch, system_prompt, client)
                    ^^^^^^^^^^^^^^^^^^^^^^^^^^^^^^^^^^^^^^^^^^^^^^^^^^
  File "/Users/andreavasco/Desktop/Agency review/main.py", line 361, in process_agency_batch
    print(f"Error processing {agency['name']}: {str(e)}", flush=True)
BrokenPipeError: [Errno 32] Broken pipe
